  [1m[35m (1.1ms)[0m  [1m[35mCREATE TABLE "schema_migrations" ("version" varchar NOT NULL PRIMARY KEY)[0m
  [1m[35m (0.9ms)[0m  [1m[35mCREATE TABLE "ar_internal_metadata" ("key" varchar NOT NULL PRIMARY KEY, "value" varchar, "created_at" datetime NOT NULL, "updated_at" datetime NOT NULL)[0m
  [1m[36mActiveRecord::SchemaMigration Load (0.1ms)[0m  [1m[34mSELECT "schema_migrations".* FROM "schema_migrations"[0m
Migrating to CreateAddresses (20170307000907)
  [1m[35m (0.1ms)[0m  [1m[36mbegin transaction[0m
  [1m[35m (0.4ms)[0m  [1m[35mCREATE TABLE "addresses" ("id" INTEGER PRIMARY KEY AUTOINCREMENT NOT NULL, "name" varchar, "office_phone" varchar, "email" varchar, "created_at" datetime NOT NULL, "updated_at" datetime NOT NULL)[0m
  [1m[35mSQL (0.1ms)[0m  [1m[32mINSERT INTO "schema_migrations" ("version") VALUES (?)[0m  [["version", "20170307000907"]]
  [1m[35m (0.7ms)[0m  [1m[36mcommit transaction[0m
  [1m[36mActiveRecord::InternalMetadata Load (0.1ms)[0m  [1m[34mSELECT  "ar_internal_metadata".* FROM "ar_internal_metadata" WHERE "ar_internal_metadata"."key" = ? LIMIT ?[0m  [["key", :environment], ["LIMIT", 1]]
  [1m[35m (0.0ms)[0m  [1m[36mbegin transaction[0m
  [1m[35mSQL (0.3ms)[0m  [1m[32mINSERT INTO "ar_internal_metadata" ("key", "value", "created_at", "updated_at") VALUES (?, ?, ?, ?)[0m  [["key", "environment"], ["value", "development"], ["created_at", 2017-03-07 00:10:27 UTC], ["updated_at", 2017-03-07 00:10:27 UTC]]
  [1m[35m (0.7ms)[0m  [1m[36mcommit transaction[0m
  [1m[36mActiveRecord::SchemaMigration Load (0.1ms)[0m  [1m[34mSELECT "schema_migrations".* FROM "schema_migrations"[0m
Started GET "/" for ::1 at 2017-03-06 19:11:24 -0500
  [1m[36mActiveRecord::SchemaMigration Load (0.2ms)[0m  [1m[34mSELECT "schema_migrations".* FROM "schema_migrations"[0m
Processing by Rails::WelcomeController#index as HTML
  Parameters: {"internal"=>true}
  Rendering /Users/wweitzel/.rvm/gems/ruby-2.4.0/gems/railties-5.0.2/lib/rails/templates/rails/welcome/index.html.erb
  Rendered /Users/wweitzel/.rvm/gems/ruby-2.4.0/gems/railties-5.0.2/lib/rails/templates/rails/welcome/index.html.erb (3.8ms)
Completed 200 OK in 29ms (Views: 14.8ms | ActiveRecord: 0.0ms)


Started GET "/address/" for ::1 at 2017-03-06 19:11:31 -0500
  
ActionController::RoutingError (No route matches [GET] "/address"):
  
actionpack (5.0.2) lib/action_dispatch/middleware/debug_exceptions.rb:53:in `call'
web-console (3.4.0) lib/web_console/middleware.rb:135:in `call_app'
web-console (3.4.0) lib/web_console/middleware.rb:28:in `block in call'
web-console (3.4.0) lib/web_console/middleware.rb:18:in `catch'
web-console (3.4.0) lib/web_console/middleware.rb:18:in `call'
actionpack (5.0.2) lib/action_dispatch/middleware/show_exceptions.rb:31:in `call'
railties (5.0.2) lib/rails/rack/logger.rb:36:in `call_app'
railties (5.0.2) lib/rails/rack/logger.rb:24:in `block in call'
activesupport (5.0.2) lib/active_support/tagged_logging.rb:69:in `block in tagged'
activesupport (5.0.2) lib/active_support/tagged_logging.rb:26:in `tagged'
activesupport (5.0.2) lib/active_support/tagged_logging.rb:69:in `tagged'
railties (5.0.2) lib/rails/rack/logger.rb:24:in `call'
sprockets-rails (3.2.0) lib/sprockets/rails/quiet_assets.rb:13:in `call'
actionpack (5.0.2) lib/action_dispatch/middleware/request_id.rb:24:in `call'
rack (2.0.1) lib/rack/method_override.rb:22:in `call'
rack (2.0.1) lib/rack/runtime.rb:22:in `call'
activesupport (5.0.2) lib/active_support/cache/strategy/local_cache_middleware.rb:28:in `call'
actionpack (5.0.2) lib/action_dispatch/middleware/executor.rb:12:in `call'
actionpack (5.0.2) lib/action_dispatch/middleware/static.rb:136:in `call'
rack (2.0.1) lib/rack/sendfile.rb:111:in `call'
railties (5.0.2) lib/rails/engine.rb:522:in `call'
puma (3.7.1) lib/puma/configuration.rb:232:in `call'
puma (3.7.1) lib/puma/server.rb:578:in `handle_request'
puma (3.7.1) lib/puma/server.rb:415:in `process_client'
puma (3.7.1) lib/puma/server.rb:275:in `block in run'
puma (3.7.1) lib/puma/thread_pool.rb:120:in `block in spawn_thread'
  Rendering /Users/wweitzel/.rvm/gems/ruby-2.4.0/gems/actionpack-5.0.2/lib/action_dispatch/middleware/templates/rescues/routing_error.html.erb within rescues/layout
  Rendering /Users/wweitzel/.rvm/gems/ruby-2.4.0/gems/actionpack-5.0.2/lib/action_dispatch/middleware/templates/rescues/_trace.html.erb
  Rendered /Users/wweitzel/.rvm/gems/ruby-2.4.0/gems/actionpack-5.0.2/lib/action_dispatch/middleware/templates/rescues/_trace.html.erb (1.3ms)
  Rendered collection of /Users/wweitzel/.rvm/gems/ruby-2.4.0/gems/actionpack-5.0.2/lib/action_dispatch/middleware/templates/routes/_route.html.erb [8 times] (9.4ms)
  Rendered /Users/wweitzel/.rvm/gems/ruby-2.4.0/gems/actionpack-5.0.2/lib/action_dispatch/middleware/templates/routes/_table.html.erb (8.1ms)
  Rendering /Users/wweitzel/.rvm/gems/ruby-2.4.0/gems/actionpack-5.0.2/lib/action_dispatch/middleware/templates/rescues/_request_and_response.html.erb
  Rendered /Users/wweitzel/.rvm/gems/ruby-2.4.0/gems/actionpack-5.0.2/lib/action_dispatch/middleware/templates/rescues/_request_and_response.html.erb (1.8ms)
  Rendered /Users/wweitzel/.rvm/gems/ruby-2.4.0/gems/actionpack-5.0.2/lib/action_dispatch/middleware/templates/rescues/routing_error.html.erb within rescues/layout (122.4ms)
Started GET "/addresses" for ::1 at 2017-03-06 19:11:43 -0500
Processing by AddressesController#index as HTML
  Rendering addresses/index.html.erb within layouts/application
  [1m[36mAddress Load (0.4ms)[0m  [1m[34mSELECT "addresses".* FROM "addresses"[0m
  Rendered addresses/index.html.erb within layouts/application (2.3ms)
Completed 200 OK in 875ms (Views: 868.3ms | ActiveRecord: 0.6ms)


Started GET "/addresses/new" for ::1 at 2017-03-06 19:11:45 -0500
Processing by AddressesController#new as HTML
  Rendering addresses/new.html.erb within layouts/application
  Rendered addresses/_form.html.erb (18.2ms)
  Rendered addresses/new.html.erb within layouts/application (21.8ms)
Completed 200 OK in 69ms (Views: 56.2ms | ActiveRecord: 0.8ms)


Started POST "/addresses" for ::1 at 2017-03-06 19:12:00 -0500
Processing by AddressesController#create as HTML
  Parameters: {"utf8"=>"✓", "authenticity_token"=>"XApzw6+6BVv4HVjBOOdoESlZ2x702vkTQJEGCBzbPH5Q6Qbior3COccka8yN4/+Ytu+EYoAVg/i/VmKmU9L0FQ==", "address"=>{"name"=>"John", "office_phone"=>"3233334444", "email"=>"j@comcast.net"}, "commit"=>"Create Address"}
  [1m[35m (0.1ms)[0m  [1m[36mbegin transaction[0m
  [1m[35mSQL (0.8ms)[0m  [1m[32mINSERT INTO "addresses" ("name", "office_phone", "email", "created_at", "updated_at") VALUES (?, ?, ?, ?, ?)[0m  [["name", "John"], ["office_phone", "3233334444"], ["email", "j@comcast.net"], ["created_at", 2017-03-07 00:12:00 UTC], ["updated_at", 2017-03-07 00:12:00 UTC]]
  [1m[35m (0.5ms)[0m  [1m[36mcommit transaction[0m
Redirected to http://localhost:3000/addresses/1
Completed 302 Found in 8ms (ActiveRecord: 1.5ms)


Started GET "/addresses/1" for ::1 at 2017-03-06 19:12:00 -0500
Processing by AddressesController#show as HTML
  Parameters: {"id"=>"1"}
  [1m[36mAddress Load (0.3ms)[0m  [1m[34mSELECT  "addresses".* FROM "addresses" WHERE "addresses"."id" = ? LIMIT ?[0m  [["id", 1], ["LIMIT", 1]]
  Rendering addresses/show.html.erb within layouts/application
  Rendered addresses/show.html.erb within layouts/application (1.2ms)
Completed 200 OK in 33ms (Views: 25.4ms | ActiveRecord: 0.3ms)


Started GET "/addresses" for ::1 at 2017-03-06 19:12:02 -0500
Processing by AddressesController#index as HTML
  Rendering addresses/index.html.erb within layouts/application
  [1m[36mAddress Load (0.2ms)[0m  [1m[34mSELECT "addresses".* FROM "addresses"[0m
  Rendered addresses/index.html.erb within layouts/application (7.2ms)
Completed 200 OK in 40ms (Views: 34.9ms | ActiveRecord: 0.2ms)


Started GET "/addresses/new" for ::1 at 2017-03-06 19:12:06 -0500
Processing by AddressesController#new as HTML
  Rendering addresses/new.html.erb within layouts/application
  Rendered addresses/_form.html.erb (5.5ms)
  Rendered addresses/new.html.erb within layouts/application (12.9ms)
Completed 200 OK in 44ms (Views: 39.3ms | ActiveRecord: 0.0ms)


Started POST "/addresses" for ::1 at 2017-03-06 19:12:18 -0500
Processing by AddressesController#create as HTML
  Parameters: {"utf8"=>"✓", "authenticity_token"=>"RDIcOasPMz9+CdE3csbwPP9zdfFNXLYu3fPnG+tMg4dI0WkYpgj0XUEw4jrHwme1YMUqjTmTzMUiNIO1pEVL7A==", "address"=>{"name"=>"Mike", "office_phone"=>"5556668888", "email"=>"mike@yahoo.com"}, "commit"=>"Create Address"}
  [1m[35m (0.1ms)[0m  [1m[36mbegin transaction[0m
  [1m[35mSQL (0.7ms)[0m  [1m[32mINSERT INTO "addresses" ("name", "office_phone", "email", "created_at", "updated_at") VALUES (?, ?, ?, ?, ?)[0m  [["name", "Mike"], ["office_phone", "5556668888"], ["email", "mike@yahoo.com"], ["created_at", 2017-03-07 00:12:18 UTC], ["updated_at", 2017-03-07 00:12:18 UTC]]
  [1m[35m (0.7ms)[0m  [1m[36mcommit transaction[0m
Redirected to http://localhost:3000/addresses/2
Completed 302 Found in 6ms (ActiveRecord: 1.5ms)


Started GET "/addresses/2" for ::1 at 2017-03-06 19:12:18 -0500
Processing by AddressesController#show as HTML
  Parameters: {"id"=>"2"}
  [1m[36mAddress Load (0.2ms)[0m  [1m[34mSELECT  "addresses".* FROM "addresses" WHERE "addresses"."id" = ? LIMIT ?[0m  [["id", 2], ["LIMIT", 1]]
  Rendering addresses/show.html.erb within layouts/application
  Rendered addresses/show.html.erb within layouts/application (0.9ms)
Completed 200 OK in 33ms (Views: 29.8ms | ActiveRecord: 0.2ms)


Started GET "/addresses" for ::1 at 2017-03-06 19:12:19 -0500
Processing by AddressesController#index as HTML
  Rendering addresses/index.html.erb within layouts/application
  [1m[36mAddress Load (0.2ms)[0m  [1m[34mSELECT "addresses".* FROM "addresses"[0m
  Rendered addresses/index.html.erb within layouts/application (3.4ms)
Completed 200 OK in 36ms (Views: 31.2ms | ActiveRecord: 0.2ms)


  [1m[36mActiveRecord::SchemaMigration Load (0.2ms)[0m  [1m[34mSELECT "schema_migrations".* FROM "schema_migrations"[0m
Migrating to AddHomeNumberToAddresses (20170307001406)
  [1m[35m (0.1ms)[0m  [1m[36mbegin transaction[0m
  [1m[35m (1.7ms)[0m  [1m[35mALTER TABLE "addresses" ADD "home_number" varchar[0m
  [1m[35mSQL (0.2ms)[0m  [1m[32mINSERT INTO "schema_migrations" ("version") VALUES (?)[0m  [["version", "20170307001406"]]
  [1m[35m (0.7ms)[0m  [1m[36mcommit transaction[0m
  [1m[36mActiveRecord::InternalMetadata Load (0.1ms)[0m  [1m[34mSELECT  "ar_internal_metadata".* FROM "ar_internal_metadata" WHERE "ar_internal_metadata"."key" = ? LIMIT ?[0m  [["key", :environment], ["LIMIT", 1]]
  [1m[35m (0.0ms)[0m  [1m[36mbegin transaction[0m
  [1m[35m (0.0ms)[0m  [1m[36mcommit transaction[0m
  [1m[36mActiveRecord::SchemaMigration Load (0.1ms)[0m  [1m[34mSELECT "schema_migrations".* FROM "schema_migrations"[0m
Started GET "/addresses" for ::1 at 2017-03-06 19:14:19 -0500
  [1m[36mActiveRecord::SchemaMigration Load (0.1ms)[0m  [1m[34mSELECT "schema_migrations".* FROM "schema_migrations"[0m
Processing by AddressesController#index as HTML
  Rendering addresses/index.html.erb within layouts/application
  [1m[36mAddress Load (0.2ms)[0m  [1m[34mSELECT "addresses".* FROM "addresses"[0m
  Rendered addresses/index.html.erb within layouts/application (7.6ms)
Completed 200 OK in 38ms (Views: 31.0ms | ActiveRecord: 0.7ms)


Started GET "/addresses" for ::1 at 2017-03-06 19:14:22 -0500
Processing by AddressesController#index as HTML
  Rendering addresses/index.html.erb within layouts/application
  [1m[36mAddress Load (0.2ms)[0m  [1m[34mSELECT "addresses".* FROM "addresses"[0m
  Rendered addresses/index.html.erb within layouts/application (2.0ms)
Completed 200 OK in 20ms (Views: 18.3ms | ActiveRecord: 0.2ms)


Started GET "/addresses/new" for ::1 at 2017-03-06 19:14:23 -0500
Processing by AddressesController#new as HTML
  Rendering addresses/new.html.erb within layouts/application
  Rendered addresses/_form.html.erb (4.0ms)
  Rendered addresses/new.html.erb within layouts/application (7.4ms)
Completed 200 OK in 50ms (Views: 43.0ms | ActiveRecord: 0.0ms)


Started GET "/addresses/new" for ::1 at 2017-03-06 19:15:22 -0500
Processing by AddressesController#new as HTML
  Rendering addresses/new.html.erb within layouts/application
  Rendered addresses/_form.html.erb (2.6ms)
  Rendered addresses/new.html.erb within layouts/application (9.1ms)
Completed 200 OK in 32ms (Views: 29.7ms | ActiveRecord: 0.0ms)


Started POST "/addresses" for ::1 at 2017-03-06 19:16:35 -0500
Processing by AddressesController#create as HTML
  Parameters: {"utf8"=>"✓", "authenticity_token"=>"i/zh5MIGE1k0I84RUBLWQhiknPl+1mTqYKgAFE2XehJsp3y8eM2mInYzOpxchQrlIXo5BPRWyE02wXY+5A7g0g==", "address"=>{"name"=>"Tes", "office_phone"=>"23", "email"=>"dsfaafjdshf"}, "commit"=>"Create Address"}
  [1m[35m (0.1ms)[0m  [1m[36mbegin transaction[0m
  [1m[35mSQL (0.4ms)[0m  [1m[32mINSERT INTO "addresses" ("name", "office_phone", "email", "created_at", "updated_at") VALUES (?, ?, ?, ?, ?)[0m  [["name", "Tes"], ["office_phone", "23"], ["email", "dsfaafjdshf"], ["created_at", 2017-03-07 00:16:35 UTC], ["updated_at", 2017-03-07 00:16:35 UTC]]
  [1m[35m (1.2ms)[0m  [1m[36mcommit transaction[0m
Redirected to http://localhost:3000/addresses/3
Completed 302 Found in 10ms (ActiveRecord: 1.7ms)


Started GET "/addresses/3" for ::1 at 2017-03-06 19:16:35 -0500
Processing by AddressesController#show as HTML
  Parameters: {"id"=>"3"}
  [1m[36mAddress Load (0.3ms)[0m  [1m[34mSELECT  "addresses".* FROM "addresses" WHERE "addresses"."id" = ? LIMIT ?[0m  [["id", 3], ["LIMIT", 1]]
  Rendering addresses/show.html.erb within layouts/application
  Rendered addresses/show.html.erb within layouts/application (0.8ms)
Completed 200 OK in 29ms (Views: 23.8ms | ActiveRecord: 0.3ms)


Started GET "/addresses" for ::1 at 2017-03-06 19:16:37 -0500
Processing by AddressesController#index as HTML
  Rendering addresses/index.html.erb within layouts/application
  [1m[36mAddress Load (0.2ms)[0m  [1m[34mSELECT "addresses".* FROM "addresses"[0m
  Rendered addresses/index.html.erb within layouts/application (3.5ms)
Completed 200 OK in 40ms (Views: 31.4ms | ActiveRecord: 0.2ms)


Started GET "/addresses" for ::1 at 2017-03-06 19:17:02 -0500
Processing by AddressesController#index as HTML
  Rendering addresses/index.html.erb within layouts/application
  [1m[36mAddress Load (0.2ms)[0m  [1m[34mSELECT "addresses".* FROM "addresses"[0m
  Rendered addresses/index.html.erb within layouts/application (9.5ms)
Completed 500 Internal Server Error in 16ms (ActiveRecord: 0.2ms)


  
ActionView::Template::Error (undefined method `home_phone' for #<Address:0x007fa8b5801140>
Did you mean?  home_number):
    17:       <tr>
    18:         <td><%= address.name %></td>
    19:         <td><%= address.office_phone %></td>
    20:         <td><%= address.home_phone %></td>
    21:         <td><%= address.email %></td>
    22:         <td><%= link_to 'Show', address %></td>
    23:         <td><%= link_to 'Edit', edit_address_path(address) %></td>
  
app/views/addresses/index.html.erb:20:in `block in _app_views_addresses_index_html_erb___39739934923417047_70181288219760'
app/views/addresses/index.html.erb:16:in `_app_views_addresses_index_html_erb___39739934923417047_70181288219760'
  Rendering /Users/wweitzel/.rvm/gems/ruby-2.4.0/gems/actionpack-5.0.2/lib/action_dispatch/middleware/templates/rescues/template_error.html.erb within rescues/layout
  Rendering /Users/wweitzel/.rvm/gems/ruby-2.4.0/gems/actionpack-5.0.2/lib/action_dispatch/middleware/templates/rescues/_source.html.erb
  Rendered /Users/wweitzel/.rvm/gems/ruby-2.4.0/gems/actionpack-5.0.2/lib/action_dispatch/middleware/templates/rescues/_source.html.erb (5.8ms)
  Rendering /Users/wweitzel/.rvm/gems/ruby-2.4.0/gems/actionpack-5.0.2/lib/action_dispatch/middleware/templates/rescues/_trace.html.erb
  Rendered /Users/wweitzel/.rvm/gems/ruby-2.4.0/gems/actionpack-5.0.2/lib/action_dispatch/middleware/templates/rescues/_trace.html.erb (2.4ms)
  Rendering /Users/wweitzel/.rvm/gems/ruby-2.4.0/gems/actionpack-5.0.2/lib/action_dispatch/middleware/templates/rescues/_request_and_response.html.erb
  Rendered /Users/wweitzel/.rvm/gems/ruby-2.4.0/gems/actionpack-5.0.2/lib/action_dispatch/middleware/templates/rescues/_request_and_response.html.erb (0.7ms)
  Rendered /Users/wweitzel/.rvm/gems/ruby-2.4.0/gems/actionpack-5.0.2/lib/action_dispatch/middleware/templates/rescues/template_error.html.erb within rescues/layout (88.2ms)
Started GET "/addresses" for ::1 at 2017-03-06 19:18:06 -0500
Processing by AddressesController#index as HTML
  Rendering addresses/index.html.erb within layouts/application
  [1m[36mAddress Load (0.3ms)[0m  [1m[34mSELECT "addresses".* FROM "addresses"[0m
  Rendered addresses/index.html.erb within layouts/application (2.1ms)
Completed 200 OK in 26ms (Views: 22.6ms | ActiveRecord: 0.3ms)


Started GET "/addresses" for ::1 at 2017-03-06 19:18:34 -0500
Processing by AddressesController#index as HTML
  Rendering addresses/index.html.erb within layouts/application
  [1m[36mAddress Load (0.2ms)[0m  [1m[34mSELECT "addresses".* FROM "addresses"[0m
  Rendered addresses/index.html.erb within layouts/application (3.0ms)
Completed 200 OK in 34ms (Views: 31.1ms | ActiveRecord: 0.2ms)


Started GET "/addresses/new" for ::1 at 2017-03-06 19:20:21 -0500
Processing by AddressesController#new as HTML
  Rendering addresses/new.html.erb within layouts/application
  Rendered addresses/_form.html.erb (2.9ms)
  Rendered addresses/new.html.erb within layouts/application (7.2ms)
Completed 200 OK in 42ms (Views: 38.4ms | ActiveRecord: 0.0ms)


Started POST "/addresses" for ::1 at 2017-03-06 19:20:26 -0500
Processing by AddressesController#create as HTML
  Parameters: {"utf8"=>"✓", "authenticity_token"=>"Ppxm6kjsF0ySIxPIPhBbCfyvKTXaUZXhuOR9g/uZbTwyfxPLRevQLq0aIMWLFMyAYxl2Sa6e7wpHIxkttJClVw==", "address"=>{"name"=>"weqqweqw", "office_phone"=>"12231", "email"=>"sewq"}, "commit"=>"Create Address"}
  [1m[35m (0.1ms)[0m  [1m[36mbegin transaction[0m
  [1m[35mSQL (0.4ms)[0m  [1m[32mINSERT INTO "addresses" ("name", "office_phone", "email", "created_at", "updated_at") VALUES (?, ?, ?, ?, ?)[0m  [["name", "weqqweqw"], ["office_phone", "12231"], ["email", "sewq"], ["created_at", 2017-03-07 00:20:26 UTC], ["updated_at", 2017-03-07 00:20:26 UTC]]
  [1m[35m (2.2ms)[0m  [1m[36mcommit transaction[0m
Redirected to http://localhost:3000/addresses/4
Completed 302 Found in 7ms (ActiveRecord: 2.7ms)


Started GET "/addresses/4" for ::1 at 2017-03-06 19:20:27 -0500
Processing by AddressesController#show as HTML
  Parameters: {"id"=>"4"}
  [1m[36mAddress Load (0.2ms)[0m  [1m[34mSELECT  "addresses".* FROM "addresses" WHERE "addresses"."id" = ? LIMIT ?[0m  [["id", 4], ["LIMIT", 1]]
  Rendering addresses/show.html.erb within layouts/application
  Rendered addresses/show.html.erb within layouts/application (0.8ms)
Completed 200 OK in 22ms (Views: 17.8ms | ActiveRecord: 0.2ms)


Started GET "/addresses" for ::1 at 2017-03-06 19:20:28 -0500
Processing by AddressesController#index as HTML
  Rendering addresses/index.html.erb within layouts/application
  [1m[36mAddress Load (0.2ms)[0m  [1m[34mSELECT "addresses".* FROM "addresses"[0m
  Rendered addresses/index.html.erb within layouts/application (4.3ms)
Completed 200 OK in 32ms (Views: 26.5ms | ActiveRecord: 0.2ms)


Started GET "/addresses" for ::1 at 2017-03-06 19:21:49 -0500
Processing by AddressesController#index as HTML
  Rendering addresses/index.html.erb within layouts/application
  [1m[36mAddress Load (0.2ms)[0m  [1m[34mSELECT "addresses".* FROM "addresses"[0m
  Rendered addresses/index.html.erb within layouts/application (2.3ms)
Completed 200 OK in 26ms (Views: 23.0ms | ActiveRecord: 0.2ms)


Started GET "/addresses/new" for ::1 at 2017-03-06 19:21:50 -0500
Processing by AddressesController#new as HTML
  Rendering addresses/new.html.erb within layouts/application
  Rendered addresses/_form.html.erb (10.7ms)
  Rendered addresses/new.html.erb within layouts/application (13.4ms)
Completed 500 Internal Server Error in 32ms (ActiveRecord: 0.0ms)


  
ActionView::Template::Error (undefined method `home_phone' for #<Address:0x007fa8b14f9870>
Did you mean?  home_number):
    23: 
    24:     <div class="field">
    25:       <%= f.label :home_phone %>
    26:       <%= f.text_field :home_phone %>
    27:     </div>
    28: 
    29:   <div class="field">
  
app/views/addresses/_form.html.erb:26:in `block in _app_views_addresses__form_html_erb___3237233138135380985_70181252909460'
app/views/addresses/_form.html.erb:1:in `_app_views_addresses__form_html_erb___3237233138135380985_70181252909460'
app/views/addresses/new.html.erb:3:in `_app_views_addresses_new_html_erb___3031713624008963998_70181252993580'
  Rendering /Users/wweitzel/.rvm/gems/ruby-2.4.0/gems/actionpack-5.0.2/lib/action_dispatch/middleware/templates/rescues/template_error.html.erb within rescues/layout
  Rendering /Users/wweitzel/.rvm/gems/ruby-2.4.0/gems/actionpack-5.0.2/lib/action_dispatch/middleware/templates/rescues/_source.html.erb
  Rendered /Users/wweitzel/.rvm/gems/ruby-2.4.0/gems/actionpack-5.0.2/lib/action_dispatch/middleware/templates/rescues/_source.html.erb (7.3ms)
  Rendering /Users/wweitzel/.rvm/gems/ruby-2.4.0/gems/actionpack-5.0.2/lib/action_dispatch/middleware/templates/rescues/_trace.html.erb
  Rendered /Users/wweitzel/.rvm/gems/ruby-2.4.0/gems/actionpack-5.0.2/lib/action_dispatch/middleware/templates/rescues/_trace.html.erb (2.7ms)
  Rendering /Users/wweitzel/.rvm/gems/ruby-2.4.0/gems/actionpack-5.0.2/lib/action_dispatch/middleware/templates/rescues/_request_and_response.html.erb
  Rendered /Users/wweitzel/.rvm/gems/ruby-2.4.0/gems/actionpack-5.0.2/lib/action_dispatch/middleware/templates/rescues/_request_and_response.html.erb (0.9ms)
  Rendered /Users/wweitzel/.rvm/gems/ruby-2.4.0/gems/actionpack-5.0.2/lib/action_dispatch/middleware/templates/rescues/template_error.html.erb within rescues/layout (83.9ms)
Started GET "/addresses/new" for ::1 at 2017-03-06 19:22:10 -0500
Processing by AddressesController#new as HTML
  Rendering addresses/new.html.erb within layouts/application
  Rendered addresses/_form.html.erb (2.2ms)
  Rendered addresses/new.html.erb within layouts/application (3.9ms)
Completed 200 OK in 27ms (Views: 25.2ms | ActiveRecord: 0.0ms)


Started POST "/addresses" for ::1 at 2017-03-06 19:22:19 -0500
Processing by AddressesController#create as HTML
  Parameters: {"utf8"=>"✓", "authenticity_token"=>"8brJsupynjlsNN4kgcW1PQtCbrENaaubBuftTwXG5f4W4VTqULkrQi4kKqmNUmmaMpzLTIfpBzxQjptlrF9/Pg==", "address"=>{"name"=>"Wesssss", "office_phone"=>"32232", "home_number"=>"23232323", "email"=>"ewewew"}, "commit"=>"Create Address"}
Unpermitted parameter: home_number
  [1m[35m (0.1ms)[0m  [1m[36mbegin transaction[0m
  [1m[35mSQL (1.2ms)[0m  [1m[32mINSERT INTO "addresses" ("name", "office_phone", "email", "created_at", "updated_at") VALUES (?, ?, ?, ?, ?)[0m  [["name", "Wesssss"], ["office_phone", "32232"], ["email", "ewewew"], ["created_at", 2017-03-07 00:22:19 UTC], ["updated_at", 2017-03-07 00:22:19 UTC]]
  [1m[35m (1.4ms)[0m  [1m[36mcommit transaction[0m
Redirected to http://localhost:3000/addresses/5
Completed 302 Found in 8ms (ActiveRecord: 2.7ms)


Started GET "/addresses/5" for ::1 at 2017-03-06 19:22:19 -0500
Processing by AddressesController#show as HTML
  Parameters: {"id"=>"5"}
  [1m[36mAddress Load (1.9ms)[0m  [1m[34mSELECT  "addresses".* FROM "addresses" WHERE "addresses"."id" = ? LIMIT ?[0m  [["id", 5], ["LIMIT", 1]]
  Rendering addresses/show.html.erb within layouts/application
  Rendered addresses/show.html.erb within layouts/application (0.7ms)
Completed 200 OK in 25ms (Views: 19.1ms | ActiveRecord: 1.9ms)


Started GET "/addresses" for ::1 at 2017-03-06 19:22:21 -0500
Processing by AddressesController#index as HTML
  Rendering addresses/index.html.erb within layouts/application
  [1m[36mAddress Load (0.2ms)[0m  [1m[34mSELECT "addresses".* FROM "addresses"[0m
  Rendered addresses/index.html.erb within layouts/application (4.1ms)
Completed 200 OK in 40ms (Views: 34.6ms | ActiveRecord: 0.2ms)


Started GET "/addresses" for ::1 at 2017-03-06 19:24:26 -0500
Processing by AddressesController#index as HTML
  Rendering addresses/index.html.erb within layouts/application
  [1m[36mAddress Load (0.2ms)[0m  [1m[34mSELECT "addresses".* FROM "addresses"[0m
  Rendered addresses/index.html.erb within layouts/application (2.5ms)
Completed 200 OK in 25ms (Views: 22.8ms | ActiveRecord: 0.2ms)


Started GET "/addresses" for ::1 at 2017-03-06 19:24:28 -0500
Processing by AddressesController#index as HTML
  Rendering addresses/index.html.erb within layouts/application
  [1m[36mAddress Load (0.2ms)[0m  [1m[34mSELECT "addresses".* FROM "addresses"[0m
  Rendered addresses/index.html.erb within layouts/application (2.7ms)
Completed 200 OK in 21ms (Views: 19.4ms | ActiveRecord: 0.2ms)


Started GET "/addresses/new" for ::1 at 2017-03-06 19:24:32 -0500
Processing by AddressesController#new as HTML
  Rendering addresses/new.html.erb within layouts/application
  Rendered addresses/_form.html.erb (3.8ms)
  Rendered addresses/new.html.erb within layouts/application (7.8ms)
Completed 200 OK in 35ms (Views: 28.9ms | ActiveRecord: 0.0ms)


Started POST "/addresses" for ::1 at 2017-03-06 19:24:36 -0500
Processing by AddressesController#create as HTML
  Parameters: {"utf8"=>"✓", "authenticity_token"=>"/o7wD7YwxiVHNHhgltEIrRxXIgokOnjjfWTivM/YTxrybYUuuzcBR3gNS20j1Z8kg+F9dlD1AgiCo4YSgNGHcQ==", "address"=>{"name"=>"Wew", "office_phone"=>"wew", "home_number"=>"wew", "email"=>"wewe"}, "commit"=>"Create Address"}
Unpermitted parameter: home_number
  [1m[35m (0.1ms)[0m  [1m[36mbegin transaction[0m
  [1m[35mSQL (3.0ms)[0m  [1m[32mINSERT INTO "addresses" ("name", "office_phone", "email", "created_at", "updated_at") VALUES (?, ?, ?, ?, ?)[0m  [["name", "Wew"], ["office_phone", "wew"], ["email", "wewe"], ["created_at", 2017-03-07 00:24:36 UTC], ["updated_at", 2017-03-07 00:24:36 UTC]]
  [1m[35m (0.9ms)[0m  [1m[36mcommit transaction[0m
Redirected to http://localhost:3000/addresses/6
Completed 302 Found in 8ms (ActiveRecord: 4.0ms)


Started GET "/addresses/6" for ::1 at 2017-03-06 19:24:36 -0500
Processing by AddressesController#show as HTML
  Parameters: {"id"=>"6"}
  [1m[36mAddress Load (0.2ms)[0m  [1m[34mSELECT  "addresses".* FROM "addresses" WHERE "addresses"."id" = ? LIMIT ?[0m  [["id", 6], ["LIMIT", 1]]
  Rendering addresses/show.html.erb within layouts/application
  Rendered addresses/show.html.erb within layouts/application (0.8ms)
Completed 200 OK in 24ms (Views: 19.4ms | ActiveRecord: 0.2ms)


Started GET "/addresses" for ::1 at 2017-03-06 19:24:47 -0500
Processing by AddressesController#index as HTML
  Rendering addresses/index.html.erb within layouts/application
  [1m[36mAddress Load (0.5ms)[0m  [1m[34mSELECT "addresses".* FROM "addresses"[0m
  Rendered addresses/index.html.erb within layouts/application (5.9ms)
Completed 200 OK in 38ms (Views: 33.5ms | ActiveRecord: 0.5ms)


Started GET "/addresses" for ::1 at 2017-03-06 19:27:19 -0500
Processing by AddressesController#index as HTML
  Rendering addresses/index.html.erb within layouts/application
  [1m[36mAddress Load (0.2ms)[0m  [1m[34mSELECT "addresses".* FROM "addresses"[0m
  Rendered addresses/index.html.erb within layouts/application (3.4ms)
Completed 200 OK in 36ms (Views: 32.5ms | ActiveRecord: 0.2ms)


Started GET "/addresses/new" for ::1 at 2017-03-06 19:27:29 -0500
Processing by AddressesController#new as HTML
  Rendering addresses/new.html.erb within layouts/application
  Rendered addresses/_form.html.erb (4.1ms)
  Rendered addresses/new.html.erb within layouts/application (7.9ms)
Completed 200 OK in 42ms (Views: 36.5ms | ActiveRecord: 0.0ms)


Started POST "/addresses" for ::1 at 2017-03-06 19:27:33 -0500
Processing by AddressesController#create as HTML
  Parameters: {"utf8"=>"✓", "authenticity_token"=>"O7o7w9S5vQ3AcYYaEzYALC8OeJt09oxlMhCTkUm/hqw3WU7i2b56b/9ItRemMpelsLgn5wA59o7N1/c/BrZOxw==", "address"=>{"name"=>"sdsdsd", "office_phone"=>"ssd", "home_number"=>"sdsd", "email"=>"sds"}, "commit"=>"Create Address"}
Unpermitted parameter: home_number
  [1m[35m (0.1ms)[0m  [1m[36mbegin transaction[0m
  [1m[35mSQL (1.1ms)[0m  [1m[32mINSERT INTO "addresses" ("name", "office_phone", "email", "created_at", "updated_at") VALUES (?, ?, ?, ?, ?)[0m  [["name", "sdsdsd"], ["office_phone", "ssd"], ["email", "sds"], ["created_at", 2017-03-07 00:27:33 UTC], ["updated_at", 2017-03-07 00:27:33 UTC]]
  [1m[35m (0.8ms)[0m  [1m[36mcommit transaction[0m
Redirected to http://localhost:3000/addresses/7
Completed 302 Found in 9ms (ActiveRecord: 1.9ms)


Started GET "/addresses/7" for ::1 at 2017-03-06 19:27:33 -0500
Processing by AddressesController#show as HTML
  Parameters: {"id"=>"7"}
  [1m[36mAddress Load (0.1ms)[0m  [1m[34mSELECT  "addresses".* FROM "addresses" WHERE "addresses"."id" = ? LIMIT ?[0m  [["id", 7], ["LIMIT", 1]]
  Rendering addresses/show.html.erb within layouts/application
  Rendered addresses/show.html.erb within layouts/application (1.1ms)
Completed 200 OK in 24ms (Views: 20.3ms | ActiveRecord: 0.1ms)


Started GET "/addresses" for ::1 at 2017-03-06 19:29:35 -0500
Processing by AddressesController#index as HTML
  Rendering addresses/index.html.erb within layouts/application
  [1m[36mAddress Load (0.3ms)[0m  [1m[34mSELECT "addresses".* FROM "addresses"[0m
  Rendered addresses/index.html.erb within layouts/application (6.1ms)
Completed 200 OK in 43ms (Views: 38.3ms | ActiveRecord: 0.3ms)


Started GET "/addresses" for ::1 at 2017-03-06 19:29:37 -0500
Processing by AddressesController#index as HTML
  Rendering addresses/index.html.erb within layouts/application
  [1m[36mAddress Load (0.2ms)[0m  [1m[34mSELECT "addresses".* FROM "addresses"[0m
  Rendered addresses/index.html.erb within layouts/application (2.7ms)
Completed 200 OK in 27ms (Views: 24.8ms | ActiveRecord: 0.2ms)


Started GET "/addresses/1" for ::1 at 2017-03-06 19:29:39 -0500
Processing by AddressesController#show as HTML
  Parameters: {"id"=>"1"}
  [1m[36mAddress Load (0.2ms)[0m  [1m[34mSELECT  "addresses".* FROM "addresses" WHERE "addresses"."id" = ? LIMIT ?[0m  [["id", 1], ["LIMIT", 1]]
  Rendering addresses/show.html.erb within layouts/application
  Rendered addresses/show.html.erb within layouts/application (1.2ms)
Completed 200 OK in 31ms (Views: 25.2ms | ActiveRecord: 0.2ms)


Started GET "/addresses" for ::1 at 2017-03-06 19:37:15 -0500
Processing by AddressesController#index as HTML
  Rendering addresses/index.html.erb within layouts/application
  [1m[36mAddress Load (0.2ms)[0m  [1m[34mSELECT "addresses".* FROM "addresses"[0m
  Rendered addresses/index.html.erb within layouts/application (2.6ms)
Completed 200 OK in 28ms (Views: 24.9ms | ActiveRecord: 0.2ms)


Started GET "/addresses/new" for ::1 at 2017-03-06 19:37:18 -0500
Processing by AddressesController#new as HTML
  Rendering addresses/new.html.erb within layouts/application
  Rendered addresses/_form.html.erb (3.3ms)
  Rendered addresses/new.html.erb within layouts/application (6.1ms)
Completed 200 OK in 39ms (Views: 31.4ms | ActiveRecord: 0.0ms)


Started POST "/addresses" for ::1 at 2017-03-06 19:37:22 -0500
Processing by AddressesController#create as HTML
  Parameters: {"utf8"=>"✓", "authenticity_token"=>"ETPmkgu1Wg9/dIqie/vwnTBHCyNyrETwqJBMC/Oc2U8d0JOzBrKdbUBNua/O/2cUr/FUXwZjPhtXVyilvJURJA==", "address"=>{"name"=>"sdsd", "office_phone"=>"sdsd", "home_number"=>"sdss", "email"=>"sdsd"}, "commit"=>"Create Address"}
Unpermitted parameter: home_number
  [1m[35m (0.1ms)[0m  [1m[36mbegin transaction[0m
  [1m[35mSQL (0.7ms)[0m  [1m[32mINSERT INTO "addresses" ("name", "office_phone", "email", "created_at", "updated_at") VALUES (?, ?, ?, ?, ?)[0m  [["name", "sdsd"], ["office_phone", "sdsd"], ["email", "sdsd"], ["created_at", 2017-03-07 00:37:22 UTC], ["updated_at", 2017-03-07 00:37:22 UTC]]
  [1m[35m (0.5ms)[0m  [1m[36mcommit transaction[0m
Redirected to http://localhost:3000/addresses/8
Completed 302 Found in 5ms (ActiveRecord: 1.3ms)


Started GET "/addresses/8" for ::1 at 2017-03-06 19:37:22 -0500
Processing by AddressesController#show as HTML
  Parameters: {"id"=>"8"}
  [1m[36mAddress Load (0.1ms)[0m  [1m[34mSELECT  "addresses".* FROM "addresses" WHERE "addresses"."id" = ? LIMIT ?[0m  [["id", 8], ["LIMIT", 1]]
  Rendering addresses/show.html.erb within layouts/application
  Rendered addresses/show.html.erb within layouts/application (1.1ms)
Completed 200 OK in 22ms (Views: 19.9ms | ActiveRecord: 0.1ms)


Started GET "/addresses" for ::1 at 2017-03-06 19:37:24 -0500
Processing by AddressesController#index as HTML
  Rendering addresses/index.html.erb within layouts/application
  [1m[36mAddress Load (0.3ms)[0m  [1m[34mSELECT "addresses".* FROM "addresses"[0m
  Rendered addresses/index.html.erb within layouts/application (5.5ms)
Completed 200 OK in 36ms (Views: 32.6ms | ActiveRecord: 0.3ms)


Started GET "/addresses/new" for ::1 at 2017-03-06 19:39:25 -0500
Processing by AddressesController#new as HTML
  Rendering addresses/new.html.erb within layouts/application
  Rendered addresses/_form.html.erb (4.8ms)
  Rendered addresses/new.html.erb within layouts/application (9.2ms)
Completed 200 OK in 44ms (Views: 41.1ms | ActiveRecord: 0.0ms)


Started POST "/addresses" for ::1 at 2017-03-06 19:39:32 -0500
Processing by AddressesController#create as HTML
  Parameters: {"utf8"=>"✓", "authenticity_token"=>"gDM1Nkspiiow8BgZA8kDYqWHgEEAFvbAURhDZ4sK1p+M0EAXRi5NSA/JKxS2zZTrOjHfPXTZjCuu3yfJxAMe9A==", "address"=>{"name"=>"sd", "office_phone"=>"sd", "home_number"=>"sdds", "email"=>"sd"}, "commit"=>"Create Address"}
Unpermitted parameter: home_number
  [1m[35m (0.1ms)[0m  [1m[36mbegin transaction[0m
  [1m[35mSQL (0.4ms)[0m  [1m[32mINSERT INTO "addresses" ("name", "office_phone", "email", "created_at", "updated_at") VALUES (?, ?, ?, ?, ?)[0m  [["name", "sd"], ["office_phone", "sd"], ["email", "sd"], ["created_at", 2017-03-07 00:39:32 UTC], ["updated_at", 2017-03-07 00:39:32 UTC]]
  [1m[35m (0.5ms)[0m  [1m[36mcommit transaction[0m
Redirected to http://localhost:3000/addresses/9
Completed 302 Found in 4ms (ActiveRecord: 1.0ms)


Started GET "/addresses/9" for ::1 at 2017-03-06 19:39:32 -0500
Processing by AddressesController#show as HTML
  Parameters: {"id"=>"9"}
  [1m[36mAddress Load (0.1ms)[0m  [1m[34mSELECT  "addresses".* FROM "addresses" WHERE "addresses"."id" = ? LIMIT ?[0m  [["id", 9], ["LIMIT", 1]]
  Rendering addresses/show.html.erb within layouts/application
  Rendered addresses/show.html.erb within layouts/application (0.9ms)
Completed 200 OK in 23ms (Views: 20.6ms | ActiveRecord: 0.1ms)


Started GET "/addresses" for ::1 at 2017-03-06 19:39:33 -0500
Processing by AddressesController#index as HTML
  Rendering addresses/index.html.erb within layouts/application
  [1m[36mAddress Load (0.5ms)[0m  [1m[34mSELECT "addresses".* FROM "addresses"[0m
  Rendered addresses/index.html.erb within layouts/application (9.4ms)
Completed 200 OK in 43ms (Views: 37.8ms | ActiveRecord: 0.5ms)


Started GET "/addresses" for ::1 at 2017-03-06 19:42:58 -0500
Processing by AddressesController#index as HTML
  Rendering addresses/index.html.erb within layouts/application
  [1m[36mAddress Load (0.3ms)[0m  [1m[34mSELECT "addresses".* FROM "addresses"[0m
  Rendered addresses/index.html.erb within layouts/application (9.2ms)
Completed 200 OK in 37ms (Views: 29.7ms | ActiveRecord: 0.7ms)


Started GET "/addresses/new" for ::1 at 2017-03-06 19:42:59 -0500
Processing by AddressesController#new as HTML
  Rendering addresses/new.html.erb within layouts/application
  Rendered addresses/_form.html.erb (4.4ms)
  Rendered addresses/new.html.erb within layouts/application (8.6ms)
Completed 200 OK in 35ms (Views: 30.7ms | ActiveRecord: 0.0ms)


Started POST "/addresses" for ::1 at 2017-03-06 19:43:04 -0500
Processing by AddressesController#create as HTML
  Parameters: {"utf8"=>"✓", "authenticity_token"=>"OOzjnfkhzQfmIzjTXh7RJoxZ5L9Tjakk2gty5YJgz+M0D5a89CYKZdkaC97rGkavE++7wydC088lzBZLzWkHiA==", "address"=>{"name"=>"dd", "office_phone"=>"dd", "home_number"=>"dd", "email"=>"dd"}, "commit"=>"Create Address"}
  [1m[35m (0.1ms)[0m  [1m[36mbegin transaction[0m
  [1m[35mSQL (0.5ms)[0m  [1m[32mINSERT INTO "addresses" ("name", "office_phone", "email", "created_at", "updated_at", "home_number") VALUES (?, ?, ?, ?, ?, ?)[0m  [["name", "dd"], ["office_phone", "dd"], ["email", "dd"], ["created_at", 2017-03-07 00:43:04 UTC], ["updated_at", 2017-03-07 00:43:04 UTC], ["home_number", "dd"]]
  [1m[35m (0.7ms)[0m  [1m[36mcommit transaction[0m
Redirected to http://localhost:3000/addresses/10
Completed 302 Found in 7ms (ActiveRecord: 1.3ms)


Started GET "/addresses/10" for ::1 at 2017-03-06 19:43:04 -0500
Processing by AddressesController#show as HTML
  Parameters: {"id"=>"10"}
  [1m[36mAddress Load (0.3ms)[0m  [1m[34mSELECT  "addresses".* FROM "addresses" WHERE "addresses"."id" = ? LIMIT ?[0m  [["id", 10], ["LIMIT", 1]]
  Rendering addresses/show.html.erb within layouts/application
  Rendered addresses/show.html.erb within layouts/application (0.8ms)
Completed 200 OK in 26ms (Views: 19.3ms | ActiveRecord: 0.3ms)


Started GET "/addresses" for ::1 at 2017-03-06 19:43:05 -0500
Processing by AddressesController#index as HTML
  Rendering addresses/index.html.erb within layouts/application
  [1m[36mAddress Load (0.3ms)[0m  [1m[34mSELECT "addresses".* FROM "addresses"[0m
  Rendered addresses/index.html.erb within layouts/application (7.3ms)
Completed 200 OK in 40ms (Views: 36.8ms | ActiveRecord: 0.3ms)


Started GET "/" for ::1 at 2017-03-06 19:43:14 -0500
Processing by Rails::WelcomeController#index as HTML
  Parameters: {"internal"=>true}
  Rendering /Users/wweitzel/.rvm/gems/ruby-2.4.0/gems/railties-5.0.2/lib/rails/templates/rails/welcome/index.html.erb
  Rendered /Users/wweitzel/.rvm/gems/ruby-2.4.0/gems/railties-5.0.2/lib/rails/templates/rails/welcome/index.html.erb (7.1ms)
Completed 200 OK in 18ms (Views: 11.7ms | ActiveRecord: 0.0ms)


Started GET "/" for ::1 at 2017-03-06 19:43:14 -0500
Processing by Rails::WelcomeController#index as HTML
  Parameters: {"internal"=>true}
  Rendering /Users/wweitzel/.rvm/gems/ruby-2.4.0/gems/railties-5.0.2/lib/rails/templates/rails/welcome/index.html.erb
  Rendered /Users/wweitzel/.rvm/gems/ruby-2.4.0/gems/railties-5.0.2/lib/rails/templates/rails/welcome/index.html.erb (2.9ms)
Completed 200 OK in 8ms (Views: 5.2ms | ActiveRecord: 0.0ms)


Started GET "/adress" for ::1 at 2017-03-06 19:43:19 -0500
  
ActionController::RoutingError (No route matches [GET] "/adress"):
  
actionpack (5.0.2) lib/action_dispatch/middleware/debug_exceptions.rb:53:in `call'
web-console (3.4.0) lib/web_console/middleware.rb:135:in `call_app'
web-console (3.4.0) lib/web_console/middleware.rb:28:in `block in call'
web-console (3.4.0) lib/web_console/middleware.rb:18:in `catch'
web-console (3.4.0) lib/web_console/middleware.rb:18:in `call'
actionpack (5.0.2) lib/action_dispatch/middleware/show_exceptions.rb:31:in `call'
railties (5.0.2) lib/rails/rack/logger.rb:36:in `call_app'
railties (5.0.2) lib/rails/rack/logger.rb:24:in `block in call'
activesupport (5.0.2) lib/active_support/tagged_logging.rb:69:in `block in tagged'
activesupport (5.0.2) lib/active_support/tagged_logging.rb:26:in `tagged'
activesupport (5.0.2) lib/active_support/tagged_logging.rb:69:in `tagged'
railties (5.0.2) lib/rails/rack/logger.rb:24:in `call'
sprockets-rails (3.2.0) lib/sprockets/rails/quiet_assets.rb:13:in `call'
actionpack (5.0.2) lib/action_dispatch/middleware/request_id.rb:24:in `call'
rack (2.0.1) lib/rack/method_override.rb:22:in `call'
rack (2.0.1) lib/rack/runtime.rb:22:in `call'
activesupport (5.0.2) lib/active_support/cache/strategy/local_cache_middleware.rb:28:in `call'
actionpack (5.0.2) lib/action_dispatch/middleware/executor.rb:12:in `call'
actionpack (5.0.2) lib/action_dispatch/middleware/static.rb:136:in `call'
rack (2.0.1) lib/rack/sendfile.rb:111:in `call'
railties (5.0.2) lib/rails/engine.rb:522:in `call'
puma (3.7.1) lib/puma/configuration.rb:232:in `call'
puma (3.7.1) lib/puma/server.rb:578:in `handle_request'
puma (3.7.1) lib/puma/server.rb:415:in `process_client'
puma (3.7.1) lib/puma/server.rb:275:in `block in run'
puma (3.7.1) lib/puma/thread_pool.rb:120:in `block in spawn_thread'
  Rendering /Users/wweitzel/.rvm/gems/ruby-2.4.0/gems/actionpack-5.0.2/lib/action_dispatch/middleware/templates/rescues/routing_error.html.erb within rescues/layout
  Rendering /Users/wweitzel/.rvm/gems/ruby-2.4.0/gems/actionpack-5.0.2/lib/action_dispatch/middleware/templates/rescues/_trace.html.erb
  Rendered /Users/wweitzel/.rvm/gems/ruby-2.4.0/gems/actionpack-5.0.2/lib/action_dispatch/middleware/templates/rescues/_trace.html.erb (1.2ms)
  Rendered collection of /Users/wweitzel/.rvm/gems/ruby-2.4.0/gems/actionpack-5.0.2/lib/action_dispatch/middleware/templates/routes/_route.html.erb [8 times] (2.6ms)
  Rendered /Users/wweitzel/.rvm/gems/ruby-2.4.0/gems/actionpack-5.0.2/lib/action_dispatch/middleware/templates/routes/_table.html.erb (1.4ms)
  Rendering /Users/wweitzel/.rvm/gems/ruby-2.4.0/gems/actionpack-5.0.2/lib/action_dispatch/middleware/templates/rescues/_request_and_response.html.erb
  Rendered /Users/wweitzel/.rvm/gems/ruby-2.4.0/gems/actionpack-5.0.2/lib/action_dispatch/middleware/templates/rescues/_request_and_response.html.erb (1.1ms)
  Rendered /Users/wweitzel/.rvm/gems/ruby-2.4.0/gems/actionpack-5.0.2/lib/action_dispatch/middleware/templates/rescues/routing_error.html.erb within rescues/layout (98.2ms)
Started GET "/adresses" for ::1 at 2017-03-06 19:43:21 -0500
  
ActionController::RoutingError (No route matches [GET] "/adresses"):
  
actionpack (5.0.2) lib/action_dispatch/middleware/debug_exceptions.rb:53:in `call'
web-console (3.4.0) lib/web_console/middleware.rb:135:in `call_app'
web-console (3.4.0) lib/web_console/middleware.rb:28:in `block in call'
web-console (3.4.0) lib/web_console/middleware.rb:18:in `catch'
web-console (3.4.0) lib/web_console/middleware.rb:18:in `call'
actionpack (5.0.2) lib/action_dispatch/middleware/show_exceptions.rb:31:in `call'
railties (5.0.2) lib/rails/rack/logger.rb:36:in `call_app'
railties (5.0.2) lib/rails/rack/logger.rb:24:in `block in call'
activesupport (5.0.2) lib/active_support/tagged_logging.rb:69:in `block in tagged'
activesupport (5.0.2) lib/active_support/tagged_logging.rb:26:in `tagged'
activesupport (5.0.2) lib/active_support/tagged_logging.rb:69:in `tagged'
railties (5.0.2) lib/rails/rack/logger.rb:24:in `call'
sprockets-rails (3.2.0) lib/sprockets/rails/quiet_assets.rb:13:in `call'
actionpack (5.0.2) lib/action_dispatch/middleware/request_id.rb:24:in `call'
rack (2.0.1) lib/rack/method_override.rb:22:in `call'
rack (2.0.1) lib/rack/runtime.rb:22:in `call'
activesupport (5.0.2) lib/active_support/cache/strategy/local_cache_middleware.rb:28:in `call'
actionpack (5.0.2) lib/action_dispatch/middleware/executor.rb:12:in `call'
actionpack (5.0.2) lib/action_dispatch/middleware/static.rb:136:in `call'
rack (2.0.1) lib/rack/sendfile.rb:111:in `call'
railties (5.0.2) lib/rails/engine.rb:522:in `call'
puma (3.7.1) lib/puma/configuration.rb:232:in `call'
puma (3.7.1) lib/puma/server.rb:578:in `handle_request'
puma (3.7.1) lib/puma/server.rb:415:in `process_client'
puma (3.7.1) lib/puma/server.rb:275:in `block in run'
puma (3.7.1) lib/puma/thread_pool.rb:120:in `block in spawn_thread'
  Rendering /Users/wweitzel/.rvm/gems/ruby-2.4.0/gems/actionpack-5.0.2/lib/action_dispatch/middleware/templates/rescues/routing_error.html.erb within rescues/layout
  Rendering /Users/wweitzel/.rvm/gems/ruby-2.4.0/gems/actionpack-5.0.2/lib/action_dispatch/middleware/templates/rescues/_trace.html.erb
  Rendered /Users/wweitzel/.rvm/gems/ruby-2.4.0/gems/actionpack-5.0.2/lib/action_dispatch/middleware/templates/rescues/_trace.html.erb (1.1ms)
  Rendered collection of /Users/wweitzel/.rvm/gems/ruby-2.4.0/gems/actionpack-5.0.2/lib/action_dispatch/middleware/templates/routes/_route.html.erb [8 times] (2.5ms)
  Rendered /Users/wweitzel/.rvm/gems/ruby-2.4.0/gems/actionpack-5.0.2/lib/action_dispatch/middleware/templates/routes/_table.html.erb (1.1ms)
  Rendering /Users/wweitzel/.rvm/gems/ruby-2.4.0/gems/actionpack-5.0.2/lib/action_dispatch/middleware/templates/rescues/_request_and_response.html.erb
  Rendered /Users/wweitzel/.rvm/gems/ruby-2.4.0/gems/actionpack-5.0.2/lib/action_dispatch/middleware/templates/rescues/_request_and_response.html.erb (1.0ms)
  Rendered /Users/wweitzel/.rvm/gems/ruby-2.4.0/gems/actionpack-5.0.2/lib/action_dispatch/middleware/templates/rescues/routing_error.html.erb within rescues/layout (94.8ms)
Started GET "/addresses" for ::1 at 2017-03-06 19:59:35 -0500
Processing by AddressesController#index as HTML
  Rendering addresses/index.html.erb within layouts/application
  [1m[36mAddress Load (0.2ms)[0m  [1m[34mSELECT "addresses".* FROM "addresses"[0m
  Rendered addresses/index.html.erb within layouts/application (3.3ms)
Completed 200 OK in 34ms (Views: 30.3ms | ActiveRecord: 0.2ms)


Started GET "/addresses" for ::1 at 2017-03-06 20:02:12 -0500
Processing by AddressesController#index as HTML
  Rendering addresses/index.html.erb within layouts/application
  [1m[36mAddress Load (0.2ms)[0m  [1m[34mSELECT "addresses".* FROM "addresses"[0m
  Rendered addresses/index.html.erb within layouts/application (4.6ms)
Completed 200 OK in 29ms (Views: 26.4ms | ActiveRecord: 0.2ms)


Started GET "/" for ::1 at 2017-03-06 20:02:19 -0500
Processing by Rails::WelcomeController#index as HTML
  Parameters: {"internal"=>true}
  Rendering /Users/wweitzel/.rvm/gems/ruby-2.4.0/gems/railties-5.0.2/lib/rails/templates/rails/welcome/index.html.erb
  Rendered /Users/wweitzel/.rvm/gems/ruby-2.4.0/gems/railties-5.0.2/lib/rails/templates/rails/welcome/index.html.erb (2.2ms)
Completed 200 OK in 10ms (Views: 4.3ms | ActiveRecord: 0.0ms)


Started GET "/addresses" for ::1 at 2017-03-06 20:02:23 -0500
Processing by AddressesController#index as HTML
  Rendering addresses/index.html.erb within layouts/application
  [1m[36mAddress Load (0.2ms)[0m  [1m[34mSELECT "addresses".* FROM "addresses"[0m
  Rendered addresses/index.html.erb within layouts/application (3.6ms)
Completed 200 OK in 28ms (Views: 25.6ms | ActiveRecord: 0.2ms)


Started GET "/addresses" for ::1 at 2017-03-06 20:02:41 -0500
  [1m[36mActiveRecord::SchemaMigration Load (0.2ms)[0m  [1m[34mSELECT "schema_migrations".* FROM "schema_migrations"[0m
Processing by AddressesController#index as HTML
  Rendering addresses/index.html.erb within layouts/application
  [1m[36mAddress Load (0.3ms)[0m  [1m[34mSELECT "addresses".* FROM "addresses"[0m
  Rendered addresses/index.html.erb within layouts/application (23.4ms)
Completed 200 OK in 295ms (Views: 272.5ms | ActiveRecord: 0.9ms)


Started GET "/addresses" for ::1 at 2017-03-06 20:02:43 -0500
Processing by AddressesController#index as HTML
  Rendering addresses/index.html.erb within layouts/application
  [1m[36mAddress Load (0.4ms)[0m  [1m[34mSELECT "addresses".* FROM "addresses"[0m
  Rendered addresses/index.html.erb within layouts/application (4.5ms)
Completed 200 OK in 30ms (Views: 27.7ms | ActiveRecord: 0.4ms)


  [1m[36mActiveRecord::SchemaMigration Load (0.2ms)[0m  [1m[34mSELECT "schema_migrations".* FROM "schema_migrations"[0m
  [1m[35mSQL (2.1ms)[0m  [1m[31mDELETE FROM "addresses"[0m
Started GET "/addresses" for ::1 at 2017-03-06 20:03:12 -0500
Processing by AddressesController#index as HTML
  Rendering addresses/index.html.erb within layouts/application
  [1m[36mAddress Load (0.2ms)[0m  [1m[34mSELECT "addresses".* FROM "addresses"[0m
  Rendered addresses/index.html.erb within layouts/application (1.4ms)
Completed 200 OK in 38ms (Views: 34.3ms | ActiveRecord: 0.2ms)


Started GET "/addresses/new" for ::1 at 2017-03-06 20:03:14 -0500
Processing by AddressesController#new as HTML
  Rendering addresses/new.html.erb within layouts/application
  Rendered addresses/_form.html.erb (17.4ms)
  Rendered addresses/new.html.erb within layouts/application (19.7ms)
Completed 200 OK in 49ms (Views: 39.9ms | ActiveRecord: 0.0ms)


Started POST "/addresses" for ::1 at 2017-03-06 20:03:32 -0500
Processing by AddressesController#create as HTML
  Parameters: {"utf8"=>"✓", "authenticity_token"=>"n6M7iy8/tz/swW9HGokQpp8RQwRLdcEqag0Mic1WvJyTQE6qIjhwXdP4XEqvjYcvAKcceD+6u8GVymgngl909w==", "address"=>{"name"=>"Wes", "office_phone"=>"1112223333", "home_number"=>"2223334444", "email"=>"wes@comcast.net"}, "commit"=>"Create Address"}
  [1m[35m (0.1ms)[0m  [1m[36mbegin transaction[0m
  [1m[35mSQL (0.8ms)[0m  [1m[32mINSERT INTO "addresses" ("name", "office_phone", "email", "created_at", "updated_at", "home_number") VALUES (?, ?, ?, ?, ?, ?)[0m  [["name", "Wes"], ["office_phone", "1112223333"], ["email", "wes@comcast.net"], ["created_at", 2017-03-07 01:03:32 UTC], ["updated_at", 2017-03-07 01:03:32 UTC], ["home_number", "2223334444"]]
  [1m[35m (0.6ms)[0m  [1m[36mcommit transaction[0m
Redirected to http://localhost:3000/addresses/11
Completed 302 Found in 6ms (ActiveRecord: 1.4ms)


Started GET "/addresses/11" for ::1 at 2017-03-06 20:03:32 -0500
Processing by AddressesController#show as HTML
  Parameters: {"id"=>"11"}
  [1m[36mAddress Load (0.2ms)[0m  [1m[34mSELECT  "addresses".* FROM "addresses" WHERE "addresses"."id" = ? LIMIT ?[0m  [["id", 11], ["LIMIT", 1]]
  Rendering addresses/show.html.erb within layouts/application
  Rendered addresses/show.html.erb within layouts/application (0.8ms)
Completed 200 OK in 25ms (Views: 19.5ms | ActiveRecord: 0.2ms)


Started GET "/addresses" for ::1 at 2017-03-06 20:03:33 -0500
Processing by AddressesController#index as HTML
  Rendering addresses/index.html.erb within layouts/application
  [1m[36mAddress Load (0.3ms)[0m  [1m[34mSELECT "addresses".* FROM "addresses"[0m
  Rendered addresses/index.html.erb within layouts/application (5.7ms)
Completed 200 OK in 39ms (Views: 35.4ms | ActiveRecord: 0.3ms)


Started GET "/addresses/new" for ::1 at 2017-03-06 20:03:35 -0500
Processing by AddressesController#new as HTML
  Rendering addresses/new.html.erb within layouts/application
  Rendered addresses/_form.html.erb (4.3ms)
  Rendered addresses/new.html.erb within layouts/application (7.6ms)
Completed 200 OK in 35ms (Views: 32.4ms | ActiveRecord: 0.0ms)


Started POST "/addresses" for ::1 at 2017-03-06 20:03:39 -0500
Processing by AddressesController#create as HTML
  Parameters: {"utf8"=>"✓", "authenticity_token"=>"GfcfoQ7oqoi5oG0lqBDftuPcctFG8BwHAtglhPs607AVFGqAA+9t6oaZXigdFEg/fGotrTI/Zuz9H0EqtDMb2w==", "address"=>{"name"=>"sfsfs", "office_phone"=>"dsfdfs", "home_number"=>"sdfsdf", "email"=>"sdffsdf"}, "commit"=>"Create Address"}
  [1m[35m (0.1ms)[0m  [1m[36mbegin transaction[0m
  [1m[35mSQL (0.9ms)[0m  [1m[32mINSERT INTO "addresses" ("name", "office_phone", "email", "created_at", "updated_at", "home_number") VALUES (?, ?, ?, ?, ?, ?)[0m  [["name", "sfsfs"], ["office_phone", "dsfdfs"], ["email", "sdffsdf"], ["created_at", 2017-03-07 01:03:39 UTC], ["updated_at", 2017-03-07 01:03:39 UTC], ["home_number", "sdfsdf"]]
  [1m[35m (0.8ms)[0m  [1m[36mcommit transaction[0m
Redirected to http://localhost:3000/addresses/12
Completed 302 Found in 7ms (ActiveRecord: 1.8ms)


Started GET "/addresses/12" for ::1 at 2017-03-06 20:03:39 -0500
Processing by AddressesController#show as HTML
  Parameters: {"id"=>"12"}
  [1m[36mAddress Load (0.1ms)[0m  [1m[34mSELECT  "addresses".* FROM "addresses" WHERE "addresses"."id" = ? LIMIT ?[0m  [["id", 12], ["LIMIT", 1]]
  Rendering addresses/show.html.erb within layouts/application
  Rendered addresses/show.html.erb within layouts/application (1.0ms)
Completed 200 OK in 30ms (Views: 26.0ms | ActiveRecord: 0.1ms)


Started GET "/addresses" for ::1 at 2017-03-06 20:03:40 -0500
Processing by AddressesController#index as HTML
  Rendering addresses/index.html.erb within layouts/application
  [1m[36mAddress Load (0.2ms)[0m  [1m[34mSELECT "addresses".* FROM "addresses"[0m
  Rendered addresses/index.html.erb within layouts/application (3.3ms)
Completed 200 OK in 32ms (Views: 28.8ms | ActiveRecord: 0.2ms)


Started GET "/addresses/new" for ::1 at 2017-03-06 20:03:41 -0500
Processing by AddressesController#new as HTML
  Rendering addresses/new.html.erb within layouts/application
  Rendered addresses/_form.html.erb (3.9ms)
  Rendered addresses/new.html.erb within layouts/application (7.4ms)
Completed 200 OK in 33ms (Views: 30.9ms | ActiveRecord: 0.0ms)


Started POST "/addresses" for ::1 at 2017-03-06 20:03:56 -0500
Processing by AddressesController#create as HTML
  Parameters: {"utf8"=>"✓", "authenticity_token"=>"PoryXQQgoiZSEfSe3u0hnXM7feg3W3790/iFchD45OUyaYd8CSdlRG0ox5Nr6bYU7I0ilEOUBBYsP+HcX/Esjg==", "address"=>{"name"=>"Mike", "office_phone"=>"8889990000", "home_number"=>"000099993333", "email"=>"mike@yahoo.com"}, "commit"=>"Create Address"}
  [1m[35m (0.1ms)[0m  [1m[36mbegin transaction[0m
  [1m[35mSQL (0.3ms)[0m  [1m[32mINSERT INTO "addresses" ("name", "office_phone", "email", "created_at", "updated_at", "home_number") VALUES (?, ?, ?, ?, ?, ?)[0m  [["name", "Mike"], ["office_phone", "8889990000"], ["email", "mike@yahoo.com"], ["created_at", 2017-03-07 01:03:56 UTC], ["updated_at", 2017-03-07 01:03:56 UTC], ["home_number", "000099993333"]]
  [1m[35m (0.8ms)[0m  [1m[36mcommit transaction[0m
Redirected to http://localhost:3000/addresses/13
Completed 302 Found in 4ms (ActiveRecord: 1.2ms)


Started GET "/addresses/13" for ::1 at 2017-03-06 20:03:56 -0500
Processing by AddressesController#show as HTML
  Parameters: {"id"=>"13"}
  [1m[36mAddress Load (0.1ms)[0m  [1m[34mSELECT  "addresses".* FROM "addresses" WHERE "addresses"."id" = ? LIMIT ?[0m  [["id", 13], ["LIMIT", 1]]
  Rendering addresses/show.html.erb within layouts/application
  Rendered addresses/show.html.erb within layouts/application (0.7ms)
Completed 200 OK in 22ms (Views: 20.1ms | ActiveRecord: 0.1ms)


Started GET "/addresses" for ::1 at 2017-03-06 20:03:57 -0500
Processing by AddressesController#index as HTML
  Rendering addresses/index.html.erb within layouts/application
  [1m[36mAddress Load (0.4ms)[0m  [1m[34mSELECT "addresses".* FROM "addresses"[0m
  Rendered addresses/index.html.erb within layouts/application (3.4ms)
Completed 200 OK in 31ms (Views: 27.7ms | ActiveRecord: 0.4ms)


